make all --print-data-base --no-builtin-variables --no-builtin-rules --question
make: *** No rule to make target 'all'.  Stop.

# GNU Make 4.3
# Built for x86_64-pc-linux-gnu
# Copyright (C) 1988-2020 Free Software Foundation, Inc.
# License GPLv3+: GNU GPL version 3 or later <http://gnu.org/licenses/gpl.html>
# This is free software: you are free to change and redistribute it.
# There is NO WARRANTY, to the extent permitted by law.

# Make data base, printed on Wed Jun  1 08:36:10 2022

# Variables

# environment
GDK_BACKEND = x11
# environment
LC_ALL = C
# environment
GTK_RC_FILES = /etc/gtk/gtkrc:/home/sythenv/.gtkrc:/home/sythenv/.config/gtkrc
# environment
VSCODE_IPC_HOOK_EXTHOST = /run/user/1000/vscode-ipc-93e19253-5bd3-4cdf-8eeb-618e109ccfed.sock
# environment
VSCODE_CWD = /home/sythenv
# environment
LESS_TERMCAP_me = [0m
# default
MAKE_COMMAND := make
# environment
QT_ACCESSIBILITY = 1
# automatic
@D = $(patsubst %/,%,$(dir $@))
# environment
VSCODE_HANDLES_UNCAUGHT_ERRORS = true
# default
.VARIABLES := 
# environment
PWD = /home/sythenv/opensource/Awesome-RCE-techniques/Awesome-RCE-techniques
# automatic
%D = $(patsubst %/,%,$(dir $%))
# environment
OLDPWD = /home/sythenv
# automatic
^D = $(patsubst %/,%,$(dir $^))
# environment
VSCODE_LOG_STACK = false
# automatic
%F = $(notdir $%)
# environment
VSCODE_CODE_CACHE_PATH = /home/sythenv/.config/Code/CachedData/c3511e6c69bb39013c4a4b7b9566ec1ca73fc4d5
# environment
XDG_SESSION_PATH = /org/freedesktop/DisplayManager/Session0
# environment
LANG = C
# environment
POWERSHELL_UPDATECHECK = Off
# environment
XAUTHORITY = /home/sythenv/.Xauthority
# default
.LOADED := 
# environment
LESS_TERMCAP_md = [1;36m
# default
.INCLUDE_DIRS = /usr/local/include /usr/include /usr/include
# makefile
MAKEFLAGS = pqrR
# environment
LESS_TERMCAP_so = [01;33m
# makefile
CURDIR := /home/sythenv/opensource/Awesome-RCE-techniques/Awesome-RCE-techniques
# environment
VSCODE_PIPE_LOGGING = true
# environment
APPLICATION_INSIGHTS_NO_DIAGNOSTIC_CHANNEL = 1
# automatic
*D = $(patsubst %/,%,$(dir $*))
# environment
LESS_TERMCAP_ue = [0m
# environment
MFLAGS = -pqrR
# environment
SSH_AUTH_SOCK = /tmp/ssh-XXXXXXFeAT7V/agent.2521
# default
.SHELLFLAGS := -c
# environment
XDG_CONFIG_DIRS = /home/sythenv/.config/kdedefaults:/etc/xdg
# automatic
+D = $(patsubst %/,%,$(dir $+))
# environment
XCURSOR_THEME = breeze_cursors
# environment
XDG_SESSION_DESKTOP = lightdm-xsession
# makefile
MAKEFILE_LIST := 
# automatic
@F = $(notdir $@)
# environment
VSCODE_VERBOSE_LOGGING = true
# environment
VSCODE_PID = 6526
# environment
XDG_SESSION_TYPE = x11
# automatic
?D = $(patsubst %/,%,$(dir $?))
# environment
SESSION_MANAGER = local/syth:@/tmp/.ICE-unix/2689,unix/syth:/tmp/.ICE-unix/2689
# automatic
*F = $(notdir $*)
# environment
QT_QPA_PLATFORMTHEME = 
# environment
CHROME_DESKTOP = code-url-handler.desktop
# environment
DBUS_SESSION_BUS_ADDRESS = unix:path=/run/user/1000/bus
 
# automatic
<D = $(patsubst %/,%,$(dir $<))
# environment
VSCODE_NLS_CONFIG = {"locale":"fr","availableLanguages":{"*":"fr"},"_languagePackId":"25fe6a3290ec415596628d4afc87a88c.fr","_translationsConfigFile":"/home/sythenv/.config/Code/clp/25fe6a3290ec415596628d4afc87a88c.fr/tcf.json","_cacheRoot":"/home/sythenv/.config/Code/clp/25fe6a3290ec415596628d4afc87a88c.fr","_resolvedLanguagePackCoreLocation":"/home/sythenv/.config/Code/clp/25fe6a3290ec415596628d4afc87a88c.fr/c3511e6c69bb39013c4a4b7b9566ec1ca73fc4d5","_corruptedFile":"/home/sythenv/.config/Code/clp/25fe6a3290ec415596628d4afc87a88c.fr/corrupted.info","_languagePackSupport":true}
# default
MAKE_HOST := x86_64-pc-linux-gnu
# makefile
SHELL = /bin/sh
# environment
LESS_TERMCAP_us = [1;32m
# default
MAKECMDGOALS := all
# environment
SHLVL = 0
# environment
MAKELEVEL := 0
# default
MAKE = $(MAKE_COMMAND)
# environment
PATH = /usr/local/sbin:/usr/sbin:/sbin:/usr/local/bin:/usr/bin:/bin:/usr/local/games:/usr/games:/home/sythenv/.dotnet/tools
# environment
LESS_TERMCAP_se = [0m
# default
MAKEFILES := 
# environment
LANGUAGE = 
# automatic
^F = $(notdir $^)
# environment
COMMAND_NOT_FOUND_INSTALL_PROMPT = 1
# environment
LESS_TERMCAP_mb = [1;31m
# environment
VSCODE_LOG_NATIVE = false
# automatic
?F = $(notdir $?)
# environment
KDE_APPLICATIONS_AS_SCOPE = 1
# environment
XDG_SEAT = seat0
# environment
XDG_CURRENT_DESKTOP = KDE
# environment
LS_COLORS = :ow=30;44:
# automatic
+F = $(notdir $+)
# environment
XDG_SEAT_PATH = /org/freedesktop/DisplayManager/Seat0
# environment
DESKTOP_SESSION = lightdm-xsession
# environment
ORIGINAL_XDG_CURRENT_DESKTOP = KDE
# 'override' directive
GNUMAKEFLAGS := 
# environment
QT_SCREEN_SCALE_FACTORS = DP-0=1.25;DP-1=1.25;HDMI-0=1.25;DP-2=1.25;DP-3=1.25;HDMI-1=1.25;DP-4=1.25;DP-5=1.25;
# environment
LOGNAME = sythenv
# environment
XDG_VTNR = 7
# makefile
.DEFAULT_GOAL := 
# environment
SYSTEMD_EXEC_PID = 2493
# environment
DISPLAY = :0
# environment
USER = sythenv
# environment
GTK_MODULES = gail:atk-bridge
# default
MAKE_VERSION := 4.3
# environment
KDE_SESSION_UID = 1000
# environment
SSH_AGENT_PID = 2563
# environment
_ = /usr/share/code/code
# environment
XDG_RUNTIME_DIR = /run/user/1000
# environment
GPG_AGENT_INFO = /run/user/1000/gnupg/S.gpg-agent:0:1
# environment
POWERSHELL_TELEMETRY_OPTOUT = 1
 
# environment
XDG_SESSION_CLASS = user
# environment
VSCODE_AMD_ENTRYPOINT = vs/workbench/api/node/extensionHostProcess
# environment
GTK2_RC_FILES = /etc/gtk-2.0/gtkrc:/home/sythenv/.gtkrc-2.0:/home/sythenv/.config/gtkrc-2.0
# environment
HOME = /home/sythenv
# environment
_JAVA_OPTIONS = -Dawt.useSystemAAFontSettings=on -Dswing.aatext=true
# environment
ELECTRON_RUN_AS_NODE = 1
# environment
VSCODE_IPC_HOOK = /run/user/1000/vscode-21e2e194-1.67.2-main.sock
# environment
XDG_SESSION_ID = 5
# environment
DOTNET_CLI_TELEMETRY_OPTOUT = 1
# environment
XCURSOR_SIZE = 24
# default
.RECIPEPREFIX := 
# automatic
<F = $(notdir $<)
# default
SUFFIXES := 
# environment
QT_AUTO_SCREEN_SCALE_FACTOR = 0
# environment
XDG_GREETER_DATA_DIR = /var/lib/lightdm/data/sythenv
# environment
KDE_SESSION_VERSION = 5
# default
.FEATURES := target-specific order-only second-expansion else-if shortest-stem undefine oneshell nocomment grouped-target extra-prereqs archives jobserver output-sync check-symlink load
# environment
KDE_FULL_SESSION = true
# environment
GDMSESSION = lightdm-xsession
# variable set hash-table stats:
# Load=111/1024=11%, Rehash=0, Collisions=10/138=7%

# Pattern-specific Variable Values

# No pattern-specific variable values.

# Directories

# . (device 2085, inode 2851071): 11 files, no impossibilities.

# 11 files, no impossibilities in 1 directories.

# Implicit Rules

# No implicit rules.

# Files

# Not a target:
Makefile:
#  Implicit rule search has been done.
#  File does not exist.
#  File has been updated.
#  Failed to be updated.

# Not a target:
.DEFAULT:
#  Implicit rule search has not been done.
#  Modification time never checked.
#  File has not been updated.

# Not a target:
all:
#  Command line target.
#  Implicit rule search has been done.
#  File does not exist.
#  File has not been updated.

# Not a target:
makefile:
#  Implicit rule search has been done.
#  File does not exist.
#  File has been updated.
#  Failed to be updated.

# Not a target:
GNUmakefile:
#  Implicit rule search has been done.
 
#  File does not exist.
#  File has been updated.
#  Failed to be updated.

# files hash-table stats:
# Load=6/1024=1%, Rehash=0, Collisions=0/15=0%
# VPATH Search Paths

# No 'vpath' search paths.

# No general ('VPATH' variable) search path.

# strcache buffers: 1 (0) / strings = 19 / storage = 221 B / avg = 11 B
# current buf: size = 8162 B / used = 221 B / count = 19 / avg = 11 B

# strcache performance: lookups = 22 / hit rate = 13%
# hash-table stats:
# Load=19/8192=0%, Rehash=0, Collisions=0/22=0%
# Finished Make data base on Wed Jun  1 08:36:10 2022

 
